2025-03-17 16:53:58 [main] ERROR org.springframework.boot.diagnostics.LoggingFailureAnalysisReporter - 

***************************
APPLICATION FAILED TO START
***************************

Description:

An attempt was made to call a method that does not exist. The attempt was made from the following location:

    org.springframework.boot.logging.log4j2.Log4J2LoggingSystem.initialize(Log4J2LoggingSystem.java:228)

The following method did not exist:

    'void org.apache.logging.log4j.util.PropertiesUtil.addPropertySource(org.apache.logging.log4j.util.PropertySource)'

The calling method's class, org.springframework.boot.logging.log4j2.Log4J2LoggingSystem, was loaded from the following location:

    jar:file:/C:/Users/WCT/.m2/repository/org/springframework/boot/spring-boot/3.4.3/spring-boot-3.4.3.jar!/org/springframework/boot/logging/log4j2/Log4J2LoggingSystem.class

The called method's class, org.apache.logging.log4j.util.PropertiesUtil, is available from the following locations:

    jar:file:/C:/Users/WCT/.m2/repository/org/apache/logging/log4j/log4j-api/2.17.1/log4j-api-2.17.1.jar!/org/apache/logging/log4j/util/PropertiesUtil.class

The called method's class hierarchy was loaded from the following locations:

    org.apache.logging.log4j.util.PropertiesUtil: file:/C:/Users/WCT/.m2/repository/org/apache/logging/log4j/log4j-api/2.17.1/log4j-api-2.17.1.jar


Action:

Correct the classpath of your application so that it contains compatible versions of the classes org.springframework.boot.logging.log4j2.Log4J2LoggingSystem and org.apache.logging.log4j.util.PropertiesUtil

2025-03-17 16:55:54 [main] ERROR org.springframework.boot.diagnostics.LoggingFailureAnalysisReporter - 

***************************
APPLICATION FAILED TO START
***************************

Description:

An attempt was made to call a method that does not exist. The attempt was made from the following location:

    org.springframework.boot.logging.log4j2.Log4J2LoggingSystem.initialize(Log4J2LoggingSystem.java:228)

The following method did not exist:

    'void org.apache.logging.log4j.util.PropertiesUtil.addPropertySource(org.apache.logging.log4j.util.PropertySource)'

The calling method's class, org.springframework.boot.logging.log4j2.Log4J2LoggingSystem, was loaded from the following location:

    jar:file:/C:/Users/WCT/.m2/repository/org/springframework/boot/spring-boot/3.4.3/spring-boot-3.4.3.jar!/org/springframework/boot/logging/log4j2/Log4J2LoggingSystem.class

The called method's class, org.apache.logging.log4j.util.PropertiesUtil, is available from the following locations:

    jar:file:/C:/Users/WCT/.m2/repository/org/apache/logging/log4j/log4j-api/2.17.1/log4j-api-2.17.1.jar!/org/apache/logging/log4j/util/PropertiesUtil.class

The called method's class hierarchy was loaded from the following locations:

    org.apache.logging.log4j.util.PropertiesUtil: file:/C:/Users/WCT/.m2/repository/org/apache/logging/log4j/log4j-api/2.17.1/log4j-api-2.17.1.jar


Action:

Correct the classpath of your application so that it contains compatible versions of the classes org.springframework.boot.logging.log4j2.Log4J2LoggingSystem and org.apache.logging.log4j.util.PropertiesUtil

2025-03-17 16:57:52 [main] INFO  com.mongodbtz.mongotz.MongoTZApplication - Starting MongoTZApplication using Java 22 with PID 8748 (C:\Users\WCT\Desktop\MyApp\Eclipse_JAVA_PROJ\com\mongotz\target\classes started by WCT in C:\Users\WCT\Desktop\MyApp\Eclipse_JAVA_PROJ\com\mongotz)
2025-03-17 16:57:52 [main] INFO  com.mongodbtz.mongotz.MongoTZApplication - Starting MongoTZApplication using Java 22 with PID 8748 (C:\Users\WCT\Desktop\MyApp\Eclipse_JAVA_PROJ\com\mongotz\target\classes started by WCT in C:\Users\WCT\Desktop\MyApp\Eclipse_JAVA_PROJ\com\mongotz)
2025-03-17 16:57:52 [main] DEBUG com.mongodbtz.mongotz.MongoTZApplication - Running with Spring Boot v3.4.3, Spring v6.2.3
2025-03-17 16:57:52 [main] DEBUG com.mongodbtz.mongotz.MongoTZApplication - Running with Spring Boot v3.4.3, Spring v6.2.3
2025-03-17 16:57:52 [main] INFO  com.mongodbtz.mongotz.MongoTZApplication - No active profile set, falling back to 1 default profile: "default"
2025-03-17 16:57:52 [main] INFO  com.mongodbtz.mongotz.MongoTZApplication - No active profile set, falling back to 1 default profile: "default"
2025-03-17 16:57:53 [main] INFO  org.springframework.data.repository.config.RepositoryConfigurationDelegate - Multiple Spring Data modules found, entering strict repository configuration mode
2025-03-17 16:57:53 [main] INFO  org.springframework.data.repository.config.RepositoryConfigurationDelegate - Bootstrapping Spring Data MongoDB repositories in DEFAULT mode.
2025-03-17 16:57:53 [main] INFO  org.springframework.data.repository.config.RepositoryConfigurationDelegate - Finished Spring Data repository scanning in 75 ms. Found 2 MongoDB repository interfaces.
2025-03-17 16:57:54 [main] INFO  org.springframework.boot.web.embedded.tomcat.TomcatWebServer - Tomcat initialized with port 8100 (http)
2025-03-17 16:57:54 [main] INFO  org.apache.coyote.http11.Http11NioProtocol - Initializing ProtocolHandler ["http-nio-8100"]
2025-03-17 16:57:54 [main] INFO  org.apache.catalina.core.StandardService - Starting service [Tomcat]
2025-03-17 16:57:54 [main] INFO  org.apache.catalina.core.StandardEngine - Starting Servlet engine: [Apache Tomcat/10.1.36]
2025-03-17 16:57:54 [main] INFO  org.apache.catalina.core.ContainerBase.[Tomcat].[localhost].[/] - Initializing Spring embedded WebApplicationContext
2025-03-17 16:57:54 [main] INFO  org.springframework.boot.web.servlet.context.ServletWebServerApplicationContext - Root WebApplicationContext: initialization completed in 1345 ms
2025-03-17 16:57:54 [main] INFO  org.mongodb.driver.client - MongoClient with metadata {"driver": {"name": "mongo-java-driver|sync|spring-boot", "version": "5.2.1"}, "os": {"type": "Windows", "name": "Windows 11", "architecture": "amd64", "version": "10.0"}, "platform": "Java/Oracle Corporation/22+36-2370"} created with settings MongoClientSettings{readPreference=primary, writeConcern=WriteConcern{w=null, wTimeout=null ms, journal=null}, retryWrites=true, retryReads=true, readConcern=ReadConcern{level=null}, credential=null, transportSettings=null, commandListeners=[], codecRegistry=ProvidersCodecRegistry{codecProviders=[ValueCodecProvider{}, BsonValueCodecProvider{}, DBRefCodecProvider{}, DBObjectCodecProvider{}, DocumentCodecProvider{}, CollectionCodecProvider{}, IterableCodecProvider{}, MapCodecProvider{}, GeoJsonCodecProvider{}, GridFSFileCodecProvider{}, Jsr310CodecProvider{}, JsonObjectCodecProvider{}, BsonCodecProvider{}, EnumCodecProvider{}, com.mongodb.client.model.mql.ExpressionCodecProvider@7730ef88, com.mongodb.Jep395RecordCodecProvider@66f5a02e, com.mongodb.KotlinCodecProvider@4e3f2908]}, loggerSettings=LoggerSettings{maxDocumentLength=1000}, clusterSettings={hosts=[localhost:27017], srvServiceName=mongodb, mode=SINGLE, requiredClusterType=UNKNOWN, requiredReplicaSetName='null', serverSelector='null', clusterListeners='[]', serverSelectionTimeout='30000 ms', localThreshold='15 ms'}, socketSettings=SocketSettings{connectTimeoutMS=10000, readTimeoutMS=0, receiveBufferSize=0, proxySettings=ProxySettings{host=null, port=null, username=null, password=null}}, heartbeatSocketSettings=SocketSettings{connectTimeoutMS=10000, readTimeoutMS=10000, receiveBufferSize=0, proxySettings=ProxySettings{host=null, port=null, username=null, password=null}}, connectionPoolSettings=ConnectionPoolSettings{maxSize=100, minSize=0, maxWaitTimeMS=120000, maxConnectionLifeTimeMS=0, maxConnectionIdleTimeMS=0, maintenanceInitialDelayMS=0, maintenanceFrequencyMS=60000, connectionPoolListeners=[], maxConnecting=2}, serverSettings=ServerSettings{heartbeatFrequencyMS=10000, minHeartbeatFrequencyMS=500, serverMonitoringMode=AUTO, serverListeners='[]', serverMonitorListeners='[]'}, sslSettings=SslSettings{enabled=false, invalidHostNameAllowed=false, context=null}, applicationName='null', compressorList=[], uuidRepresentation=JAVA_LEGACY, serverApi=null, autoEncryptionSettings=null, dnsClient=null, inetAddressResolver=null, contextProvider=null, timeoutMS=null}
2025-03-17 16:57:54 [cluster-ClusterId{value='67d7f92a05f5594abcac8a86', description='null'}-localhost:27017] INFO  org.mongodb.driver.cluster - Monitor thread successfully connected to server with description ServerDescription{address=localhost:27017, type=STANDALONE, cryptd=false, state=CONNECTED, ok=true, minWireVersion=0, maxWireVersion=25, maxDocumentSize=16777216, logicalSessionTimeoutMinutes=30, roundTripTimeNanos=34577900, minRoundTripTimeNanos=0}
2025-03-17 16:57:55 [main] INFO  org.apache.coyote.http11.Http11NioProtocol - Starting ProtocolHandler ["http-nio-8100"]
2025-03-17 16:57:55 [main] INFO  org.springframework.boot.web.embedded.tomcat.TomcatWebServer - Tomcat started on port 8100 (http) with context path '/'
2025-03-17 16:57:55 [main] INFO  com.mongodbtz.mongotz.MongoTZApplication - Started MongoTZApplication in 2.986 seconds (process running for 3.927)
2025-03-17 16:57:55 [main] INFO  com.mongodbtz.mongotz.MongoTZApplication - Started MongoTZApplication in 2.986 seconds (process running for 3.927)
2025-03-17 16:57:55 [main] DEBUG com.mongodbtz.mongotz.MongoTZApplication - We've just started Movie API!
2025-03-17 16:57:55 [main] DEBUG com.mongodbtz.mongotz.MongoTZApplication - We've just started Movie API!
2025-03-17 16:57:55 [main] INFO  com.mongodbtz.mongotz.MongoTZApplication - We've just started Movie API!
2025-03-17 16:57:55 [main] INFO  com.mongodbtz.mongotz.MongoTZApplication - We've just started Movie API!
2025-03-17 16:57:55 [main] WARN  com.mongodbtz.mongotz.MongoTZApplication - We've just started Movie API!
2025-03-17 16:57:55 [main] WARN  com.mongodbtz.mongotz.MongoTZApplication - We've just started Movie API!
2025-03-17 16:57:55 [main] ERROR com.mongodbtz.mongotz.MongoTZApplication - We've just started Movie API!
2025-03-17 16:57:55 [main] ERROR com.mongodbtz.mongotz.MongoTZApplication - We've just started Movie API!
2025-03-17 16:57:55 [main] FATAL com.mongodbtz.mongotz.MongoTZApplication - We've just started Movie API!
2025-03-17 16:57:55 [main] FATAL com.mongodbtz.mongotz.MongoTZApplication - We've just started Movie API!
2025-03-17 16:58:32 [http-nio-8100-exec-1] INFO  org.apache.catalina.core.ContainerBase.[Tomcat].[localhost].[/] - Initializing Spring DispatcherServlet 'dispatcherServlet'
2025-03-17 16:58:32 [http-nio-8100-exec-1] INFO  org.springframework.web.servlet.DispatcherServlet - Initializing Servlet 'dispatcherServlet'
2025-03-17 16:58:32 [http-nio-8100-exec-1] INFO  org.springframework.web.servlet.DispatcherServlet - Completed initialization in 1 ms
2025-03-17 17:14:03 [SpringApplicationShutdownHook] INFO  org.springframework.boot.web.embedded.tomcat.GracefulShutdown - Commencing graceful shutdown. Waiting for active requests to complete
2025-03-17 17:14:03 [tomcat-shutdown] INFO  org.springframework.boot.web.embedded.tomcat.GracefulShutdown - Graceful shutdown complete
2025-03-17 17:14:59 [main] INFO  com.mongodbtz.mongotz.MongoTZApplication - Starting MongoTZApplication using Java 22 with PID 39172 (C:\Users\WCT\Desktop\MyApp\Eclipse_JAVA_PROJ\com\mongotz\target\classes started by WCT in C:\Users\WCT\Desktop\MyApp\Eclipse_JAVA_PROJ\com\mongotz)
2025-03-17 17:14:59 [main] INFO  com.mongodbtz.mongotz.MongoTZApplication - No active profile set, falling back to 1 default profile: "default"
2025-03-17 17:15:00 [main] INFO  org.springframework.data.repository.config.RepositoryConfigurationDelegate - Multiple Spring Data modules found, entering strict repository configuration mode
2025-03-17 17:15:00 [main] INFO  org.springframework.data.repository.config.RepositoryConfigurationDelegate - Bootstrapping Spring Data MongoDB repositories in DEFAULT mode.
2025-03-17 17:15:00 [main] INFO  org.springframework.data.repository.config.RepositoryConfigurationDelegate - Finished Spring Data repository scanning in 78 ms. Found 2 MongoDB repository interfaces.
2025-03-17 17:15:00 [main] INFO  org.springframework.boot.web.embedded.tomcat.TomcatWebServer - Tomcat initialized with port 8100 (http)
2025-03-17 17:15:00 [main] INFO  org.apache.coyote.http11.Http11NioProtocol - Initializing ProtocolHandler ["http-nio-8100"]
2025-03-17 17:15:00 [main] INFO  org.apache.catalina.core.StandardService - Starting service [Tomcat]
2025-03-17 17:15:00 [main] INFO  org.apache.catalina.core.StandardEngine - Starting Servlet engine: [Apache Tomcat/10.1.36]
2025-03-17 17:15:00 [main] INFO  org.apache.catalina.core.ContainerBase.[Tomcat].[localhost].[/] - Initializing Spring embedded WebApplicationContext
2025-03-17 17:15:00 [main] INFO  org.springframework.boot.web.servlet.context.ServletWebServerApplicationContext - Root WebApplicationContext: initialization completed in 1453 ms
2025-03-17 17:15:00 [main] INFO  org.mongodb.driver.client - MongoClient with metadata {"driver": {"name": "mongo-java-driver|sync|spring-boot", "version": "5.2.1"}, "os": {"type": "Windows", "name": "Windows 11", "architecture": "amd64", "version": "10.0"}, "platform": "Java/Oracle Corporation/22+36-2370"} created with settings MongoClientSettings{readPreference=primary, writeConcern=WriteConcern{w=null, wTimeout=null ms, journal=null}, retryWrites=true, retryReads=true, readConcern=ReadConcern{level=null}, credential=null, transportSettings=null, commandListeners=[], codecRegistry=ProvidersCodecRegistry{codecProviders=[ValueCodecProvider{}, BsonValueCodecProvider{}, DBRefCodecProvider{}, DBObjectCodecProvider{}, DocumentCodecProvider{}, CollectionCodecProvider{}, IterableCodecProvider{}, MapCodecProvider{}, GeoJsonCodecProvider{}, GridFSFileCodecProvider{}, Jsr310CodecProvider{}, JsonObjectCodecProvider{}, BsonCodecProvider{}, EnumCodecProvider{}, com.mongodb.client.model.mql.ExpressionCodecProvider@64bebd55, com.mongodb.Jep395RecordCodecProvider@7c1a8f0f, com.mongodb.KotlinCodecProvider@3730f716]}, loggerSettings=LoggerSettings{maxDocumentLength=1000}, clusterSettings={hosts=[localhost:27017], srvServiceName=mongodb, mode=SINGLE, requiredClusterType=UNKNOWN, requiredReplicaSetName='null', serverSelector='null', clusterListeners='[]', serverSelectionTimeout='30000 ms', localThreshold='15 ms'}, socketSettings=SocketSettings{connectTimeoutMS=10000, readTimeoutMS=0, receiveBufferSize=0, proxySettings=ProxySettings{host=null, port=null, username=null, password=null}}, heartbeatSocketSettings=SocketSettings{connectTimeoutMS=10000, readTimeoutMS=10000, receiveBufferSize=0, proxySettings=ProxySettings{host=null, port=null, username=null, password=null}}, connectionPoolSettings=ConnectionPoolSettings{maxSize=100, minSize=0, maxWaitTimeMS=120000, maxConnectionLifeTimeMS=0, maxConnectionIdleTimeMS=0, maintenanceInitialDelayMS=0, maintenanceFrequencyMS=60000, connectionPoolListeners=[], maxConnecting=2}, serverSettings=ServerSettings{heartbeatFrequencyMS=10000, minHeartbeatFrequencyMS=500, serverMonitoringMode=AUTO, serverListeners='[]', serverMonitorListeners='[]'}, sslSettings=SslSettings{enabled=false, invalidHostNameAllowed=false, context=null}, applicationName='null', compressorList=[], uuidRepresentation=JAVA_LEGACY, serverApi=null, autoEncryptionSettings=null, dnsClient=null, inetAddressResolver=null, contextProvider=null, timeoutMS=null}
2025-03-17 17:15:01 [cluster-ClusterId{value='67d7fd2c3652931aed17ffa1', description='null'}-localhost:27017] INFO  org.mongodb.driver.cluster - Monitor thread successfully connected to server with description ServerDescription{address=localhost:27017, type=STANDALONE, cryptd=false, state=CONNECTED, ok=true, minWireVersion=0, maxWireVersion=25, maxDocumentSize=16777216, logicalSessionTimeoutMinutes=30, roundTripTimeNanos=39405900, minRoundTripTimeNanos=0}
2025-03-17 17:15:01 [main] INFO  org.apache.coyote.http11.Http11NioProtocol - Starting ProtocolHandler ["http-nio-8100"]
2025-03-17 17:15:01 [main] INFO  org.springframework.boot.web.embedded.tomcat.TomcatWebServer - Tomcat started on port 8100 (http) with context path '/'
2025-03-17 17:15:01 [main] INFO  com.mongodbtz.mongotz.MongoTZApplication - Started MongoTZApplication in 3.112 seconds (process running for 4.142)
2025-03-17 17:15:01 [main] INFO  com.mongodbtz.mongotz.MongoTZApplication - We've just started Movie API!
2025-03-17 17:15:01 [main] WARN  com.mongodbtz.mongotz.MongoTZApplication - We've just started Movie API!
2025-03-17 17:15:01 [main] ERROR com.mongodbtz.mongotz.MongoTZApplication - We've just started Movie API!
2025-03-17 17:15:01 [main] FATAL com.mongodbtz.mongotz.MongoTZApplication - We've just started Movie API!
2025-03-17 17:15:06 [http-nio-8100-exec-2] INFO  org.apache.catalina.core.ContainerBase.[Tomcat].[localhost].[/] - Initializing Spring DispatcherServlet 'dispatcherServlet'
2025-03-17 17:15:06 [http-nio-8100-exec-2] INFO  org.springframework.web.servlet.DispatcherServlet - Initializing Servlet 'dispatcherServlet'
2025-03-17 17:15:06 [http-nio-8100-exec-2] INFO  org.springframework.web.servlet.DispatcherServlet - Completed initialization in 1 ms
2025-03-17 17:18:17 [SpringApplicationShutdownHook] INFO  org.springframework.boot.web.embedded.tomcat.GracefulShutdown - Commencing graceful shutdown. Waiting for active requests to complete
2025-03-17 17:18:17 [tomcat-shutdown] INFO  org.springframework.boot.web.embedded.tomcat.GracefulShutdown - Graceful shutdown complete
2025-03-18 08:39:28 [main] INFO  com.mongodbtz.mongotz.MongoTZApplication - Starting MongoTZApplication using Java 22 with PID 39616 (C:\Users\WCT\Desktop\MyApp\Eclipse_JAVA_PROJ\com\mongotz\target\classes started by WCT in C:\Users\WCT\Desktop\MyApp\Eclipse_JAVA_PROJ\com\mongotz)
2025-03-18 08:39:28 [main] INFO  com.mongodbtz.mongotz.MongoTZApplication - No active profile set, falling back to 1 default profile: "default"
2025-03-18 08:39:30 [main] INFO  org.springframework.data.repository.config.RepositoryConfigurationDelegate - Multiple Spring Data modules found, entering strict repository configuration mode
2025-03-18 08:39:30 [main] INFO  org.springframework.data.repository.config.RepositoryConfigurationDelegate - Bootstrapping Spring Data MongoDB repositories in DEFAULT mode.
2025-03-18 08:39:30 [main] INFO  org.springframework.data.repository.config.RepositoryConfigurationDelegate - Finished Spring Data repository scanning in 82 ms. Found 2 MongoDB repository interfaces.
2025-03-18 08:39:30 [main] INFO  org.springframework.boot.web.embedded.tomcat.TomcatWebServer - Tomcat initialized with port 8100 (http)
2025-03-18 08:39:30 [main] INFO  org.apache.coyote.http11.Http11NioProtocol - Initializing ProtocolHandler ["http-nio-8100"]
2025-03-18 08:39:30 [main] INFO  org.apache.catalina.core.StandardService - Starting service [Tomcat]
2025-03-18 08:39:30 [main] INFO  org.apache.catalina.core.StandardEngine - Starting Servlet engine: [Apache Tomcat/10.1.36]
2025-03-18 08:39:31 [main] INFO  org.apache.catalina.core.ContainerBase.[Tomcat].[localhost].[/] - Initializing Spring embedded WebApplicationContext
2025-03-18 08:39:31 [main] INFO  org.springframework.boot.web.servlet.context.ServletWebServerApplicationContext - Root WebApplicationContext: initialization completed in 2027 ms
2025-03-18 08:39:31 [main] INFO  org.mongodb.driver.client - MongoClient with metadata {"driver": {"name": "mongo-java-driver|sync|spring-boot", "version": "5.2.1"}, "os": {"type": "Windows", "name": "Windows 11", "architecture": "amd64", "version": "10.0"}, "platform": "Java/Oracle Corporation/22+36-2370"} created with settings MongoClientSettings{readPreference=primary, writeConcern=WriteConcern{w=null, wTimeout=null ms, journal=null}, retryWrites=true, retryReads=true, readConcern=ReadConcern{level=null}, credential=null, transportSettings=null, commandListeners=[], codecRegistry=ProvidersCodecRegistry{codecProviders=[ValueCodecProvider{}, BsonValueCodecProvider{}, DBRefCodecProvider{}, DBObjectCodecProvider{}, DocumentCodecProvider{}, CollectionCodecProvider{}, IterableCodecProvider{}, MapCodecProvider{}, GeoJsonCodecProvider{}, GridFSFileCodecProvider{}, Jsr310CodecProvider{}, JsonObjectCodecProvider{}, BsonCodecProvider{}, EnumCodecProvider{}, com.mongodb.client.model.mql.ExpressionCodecProvider@64bebd55, com.mongodb.Jep395RecordCodecProvider@7c1a8f0f, com.mongodb.KotlinCodecProvider@3730f716]}, loggerSettings=LoggerSettings{maxDocumentLength=1000}, clusterSettings={hosts=[localhost:27017], srvServiceName=mongodb, mode=SINGLE, requiredClusterType=UNKNOWN, requiredReplicaSetName='null', serverSelector='null', clusterListeners='[]', serverSelectionTimeout='30000 ms', localThreshold='15 ms'}, socketSettings=SocketSettings{connectTimeoutMS=10000, readTimeoutMS=0, receiveBufferSize=0, proxySettings=ProxySettings{host=null, port=null, username=null, password=null}}, heartbeatSocketSettings=SocketSettings{connectTimeoutMS=10000, readTimeoutMS=10000, receiveBufferSize=0, proxySettings=ProxySettings{host=null, port=null, username=null, password=null}}, connectionPoolSettings=ConnectionPoolSettings{maxSize=100, minSize=0, maxWaitTimeMS=120000, maxConnectionLifeTimeMS=0, maxConnectionIdleTimeMS=0, maintenanceInitialDelayMS=0, maintenanceFrequencyMS=60000, connectionPoolListeners=[], maxConnecting=2}, serverSettings=ServerSettings{heartbeatFrequencyMS=10000, minHeartbeatFrequencyMS=500, serverMonitoringMode=AUTO, serverListeners='[]', serverMonitorListeners='[]'}, sslSettings=SslSettings{enabled=false, invalidHostNameAllowed=false, context=null}, applicationName='null', compressorList=[], uuidRepresentation=JAVA_LEGACY, serverApi=null, autoEncryptionSettings=null, dnsClient=null, inetAddressResolver=null, contextProvider=null, timeoutMS=null}
2025-03-18 08:39:31 [cluster-ClusterId{value='67d8d5db7bfbcc512d913ca4', description='null'}-localhost:27017] INFO  org.mongodb.driver.cluster - Exception in monitor thread while connecting to server localhost:27017
com.mongodb.MongoSocketOpenException: Exception opening socket
	at com.mongodb.internal.connection.SocketStream.lambda$open$0(SocketStream.java:85) ~[mongodb-driver-core-5.2.1.jar:?]
	at java.base/java.util.Optional.orElseThrow(Optional.java:403) ~[?:?]
	at com.mongodb.internal.connection.SocketStream.open(SocketStream.java:85) ~[mongodb-driver-core-5.2.1.jar:?]
	at com.mongodb.internal.connection.InternalStreamConnection.open(InternalStreamConnection.java:233) ~[mongodb-driver-core-5.2.1.jar:?]
	at com.mongodb.internal.connection.DefaultServerMonitor$ServerMonitor.lookupServerDescription(DefaultServerMonitor.java:219) [mongodb-driver-core-5.2.1.jar:?]
	at com.mongodb.internal.connection.DefaultServerMonitor$ServerMonitor.run(DefaultServerMonitor.java:176) [mongodb-driver-core-5.2.1.jar:?]
Caused by: java.net.ConnectException: Connection refused: getsockopt
	at java.base/sun.nio.ch.Net.pollConnect(Native Method) ~[?:?]
	at java.base/sun.nio.ch.Net.pollConnectNow(Net.java:682) ~[?:?]
	at java.base/sun.nio.ch.NioSocketImpl.timedFinishConnect(NioSocketImpl.java:542) ~[?:?]
	at java.base/sun.nio.ch.NioSocketImpl.connect(NioSocketImpl.java:592) ~[?:?]
	at java.base/java.net.SocksSocketImpl.connect(SocksSocketImpl.java:327) ~[?:?]
	at java.base/java.net.Socket.connect(Socket.java:752) ~[?:?]
	at com.mongodb.internal.connection.SocketStreamHelper.initialize(SocketStreamHelper.java:76) ~[mongodb-driver-core-5.2.1.jar:?]
	at com.mongodb.internal.connection.SocketStream.initializeSocket(SocketStream.java:104) ~[mongodb-driver-core-5.2.1.jar:?]
	at com.mongodb.internal.connection.SocketStream.open(SocketStream.java:79) ~[mongodb-driver-core-5.2.1.jar:?]
	... 3 more
2025-03-18 08:39:32 [main] INFO  org.apache.coyote.http11.Http11NioProtocol - Starting ProtocolHandler ["http-nio-8100"]
2025-03-18 08:39:32 [main] INFO  org.springframework.boot.web.embedded.tomcat.TomcatWebServer - Tomcat started on port 8100 (http) with context path '/'
2025-03-18 08:39:32 [main] INFO  com.mongodbtz.mongotz.MongoTZApplication - Started MongoTZApplication in 4.331 seconds (process running for 5.706)
2025-03-18 08:39:32 [main] INFO  com.mongodbtz.mongotz.MongoTZApplication - We've just started Movie API!
2025-03-18 08:39:32 [main] WARN  com.mongodbtz.mongotz.MongoTZApplication - We've just started Movie API!
2025-03-18 08:39:32 [main] ERROR com.mongodbtz.mongotz.MongoTZApplication - We've just started Movie API!
2025-03-18 08:39:32 [main] FATAL com.mongodbtz.mongotz.MongoTZApplication - We've just started Movie API!
2025-03-18 08:40:51 [cluster-ClusterId{value='67d8d5db7bfbcc512d913ca4', description='null'}-localhost:27017] INFO  org.mongodb.driver.cluster - Monitor thread successfully connected to server with description ServerDescription{address=localhost:27017, type=STANDALONE, cryptd=false, state=CONNECTED, ok=true, minWireVersion=0, maxWireVersion=25, maxDocumentSize=16777216, logicalSessionTimeoutMinutes=30, roundTripTimeNanos=29561600, minRoundTripTimeNanos=0}
2025-03-18 08:41:16 [SpringApplicationShutdownHook] INFO  org.springframework.boot.web.embedded.tomcat.GracefulShutdown - Commencing graceful shutdown. Waiting for active requests to complete
2025-03-18 08:41:16 [tomcat-shutdown] INFO  org.springframework.boot.web.embedded.tomcat.GracefulShutdown - Graceful shutdown complete
2025-03-18 08:41:21 [main] INFO  com.mongodbtz.mongotz.MongoTZApplication - Starting MongoTZApplication using Java 22 with PID 32384 (C:\Users\WCT\Desktop\MyApp\Eclipse_JAVA_PROJ\com\mongotz\target\classes started by WCT in C:\Users\WCT\Desktop\MyApp\Eclipse_JAVA_PROJ\com\mongotz)
2025-03-18 08:41:21 [main] INFO  com.mongodbtz.mongotz.MongoTZApplication - No active profile set, falling back to 1 default profile: "default"
2025-03-18 08:41:22 [main] INFO  org.springframework.data.repository.config.RepositoryConfigurationDelegate - Multiple Spring Data modules found, entering strict repository configuration mode
2025-03-18 08:41:22 [main] INFO  org.springframework.data.repository.config.RepositoryConfigurationDelegate - Bootstrapping Spring Data MongoDB repositories in DEFAULT mode.
2025-03-18 08:41:22 [main] INFO  org.springframework.data.repository.config.RepositoryConfigurationDelegate - Finished Spring Data repository scanning in 84 ms. Found 2 MongoDB repository interfaces.
2025-03-18 08:41:23 [main] INFO  org.springframework.boot.web.embedded.tomcat.TomcatWebServer - Tomcat initialized with port 8100 (http)
2025-03-18 08:41:23 [main] INFO  org.apache.coyote.http11.Http11NioProtocol - Initializing ProtocolHandler ["http-nio-8100"]
2025-03-18 08:41:23 [main] INFO  org.apache.catalina.core.StandardService - Starting service [Tomcat]
2025-03-18 08:41:23 [main] INFO  org.apache.catalina.core.StandardEngine - Starting Servlet engine: [Apache Tomcat/10.1.36]
2025-03-18 08:41:23 [main] INFO  org.apache.catalina.core.ContainerBase.[Tomcat].[localhost].[/] - Initializing Spring embedded WebApplicationContext
2025-03-18 08:41:23 [main] INFO  org.springframework.boot.web.servlet.context.ServletWebServerApplicationContext - Root WebApplicationContext: initialization completed in 2214 ms
2025-03-18 08:41:23 [main] INFO  org.mongodb.driver.client - MongoClient with metadata {"driver": {"name": "mongo-java-driver|sync|spring-boot", "version": "5.2.1"}, "os": {"type": "Windows", "name": "Windows 11", "architecture": "amd64", "version": "10.0"}, "platform": "Java/Oracle Corporation/22+36-2370"} created with settings MongoClientSettings{readPreference=primary, writeConcern=WriteConcern{w=null, wTimeout=null ms, journal=null}, retryWrites=true, retryReads=true, readConcern=ReadConcern{level=null}, credential=null, transportSettings=null, commandListeners=[], codecRegistry=ProvidersCodecRegistry{codecProviders=[ValueCodecProvider{}, BsonValueCodecProvider{}, DBRefCodecProvider{}, DBObjectCodecProvider{}, DocumentCodecProvider{}, CollectionCodecProvider{}, IterableCodecProvider{}, MapCodecProvider{}, GeoJsonCodecProvider{}, GridFSFileCodecProvider{}, Jsr310CodecProvider{}, JsonObjectCodecProvider{}, BsonCodecProvider{}, EnumCodecProvider{}, com.mongodb.client.model.mql.ExpressionCodecProvider@6fe595dc, com.mongodb.Jep395RecordCodecProvider@5af5d76f, com.mongodb.KotlinCodecProvider@3a8cea24]}, loggerSettings=LoggerSettings{maxDocumentLength=1000}, clusterSettings={hosts=[localhost:27017], srvServiceName=mongodb, mode=SINGLE, requiredClusterType=UNKNOWN, requiredReplicaSetName='null', serverSelector='null', clusterListeners='[]', serverSelectionTimeout='30000 ms', localThreshold='15 ms'}, socketSettings=SocketSettings{connectTimeoutMS=10000, readTimeoutMS=0, receiveBufferSize=0, proxySettings=ProxySettings{host=null, port=null, username=null, password=null}}, heartbeatSocketSettings=SocketSettings{connectTimeoutMS=10000, readTimeoutMS=10000, receiveBufferSize=0, proxySettings=ProxySettings{host=null, port=null, username=null, password=null}}, connectionPoolSettings=ConnectionPoolSettings{maxSize=100, minSize=0, maxWaitTimeMS=120000, maxConnectionLifeTimeMS=0, maxConnectionIdleTimeMS=0, maintenanceInitialDelayMS=0, maintenanceFrequencyMS=60000, connectionPoolListeners=[], maxConnecting=2}, serverSettings=ServerSettings{heartbeatFrequencyMS=10000, minHeartbeatFrequencyMS=500, serverMonitoringMode=AUTO, serverListeners='[]', serverMonitorListeners='[]'}, sslSettings=SslSettings{enabled=false, invalidHostNameAllowed=false, context=null}, applicationName='null', compressorList=[], uuidRepresentation=JAVA_LEGACY, serverApi=null, autoEncryptionSettings=null, dnsClient=null, inetAddressResolver=null, contextProvider=null, timeoutMS=null}
2025-03-18 08:41:23 [cluster-ClusterId{value='67d8d64bbdfa5201c234441e', description='null'}-localhost:27017] INFO  org.mongodb.driver.cluster - Monitor thread successfully connected to server with description ServerDescription{address=localhost:27017, type=STANDALONE, cryptd=false, state=CONNECTED, ok=true, minWireVersion=0, maxWireVersion=25, maxDocumentSize=16777216, logicalSessionTimeoutMinutes=30, roundTripTimeNanos=37139400, minRoundTripTimeNanos=0}
2025-03-18 08:41:24 [main] INFO  org.apache.coyote.http11.Http11NioProtocol - Starting ProtocolHandler ["http-nio-8100"]
2025-03-18 08:41:24 [main] INFO  org.springframework.boot.web.embedded.tomcat.TomcatWebServer - Tomcat started on port 8100 (http) with context path '/'
2025-03-18 08:41:24 [main] INFO  com.mongodbtz.mongotz.MongoTZApplication - Started MongoTZApplication in 4.176 seconds (process running for 5.539)
2025-03-18 08:41:24 [main] INFO  com.mongodbtz.mongotz.MongoTZApplication - We've just started Movie API!
2025-03-18 08:41:24 [main] WARN  com.mongodbtz.mongotz.MongoTZApplication - We've just started Movie API!
2025-03-18 08:41:24 [main] ERROR com.mongodbtz.mongotz.MongoTZApplication - We've just started Movie API!
2025-03-18 08:41:24 [main] FATAL com.mongodbtz.mongotz.MongoTZApplication - We've just started Movie API!
2025-03-18 08:41:51 [http-nio-8100-exec-2] INFO  org.apache.catalina.core.ContainerBase.[Tomcat].[localhost].[/] - Initializing Spring DispatcherServlet 'dispatcherServlet'
2025-03-18 08:41:51 [http-nio-8100-exec-2] INFO  org.springframework.web.servlet.DispatcherServlet - Initializing Servlet 'dispatcherServlet'
2025-03-18 08:41:51 [http-nio-8100-exec-2] INFO  org.springframework.web.servlet.DispatcherServlet - Completed initialization in 3 ms
2025-03-18 08:41:54 [http-nio-8100-exec-2] INFO  com.mongodbtz.mongotz.IMDbMovieController - [IMDbMovie(ImdbId=tt9673190, name=The Lego Batman Movie 2, year=2022, runTime=, genre=[Animation,  Action,  Adventure], ratingValue=, summaryText=Add a Plot, ratingCount=, director=Chris McKay, cast=[com.mongodbtz.mongotz.IMDbMovie$Cast@7370af58, com.mongodbtz.mongotz.IMDbMovie$Cast@3154854d]), IMDbMovie(ImdbId=tt13456446, name=Untitled Batman: Reboot, year=2022, runTime=, genre=[Adventure], ratingValue=, summaryText=Add a Plot, ratingCount=, director=null, cast=null), IMDbMovie(ImdbId=tt6556890, name=Batman and Harley Quinn, year=2017, runTime=74 min, genre=[Animation,  Action,  Adventure], ratingValue=5.9, summaryText=Batman and Nightwing are forced to team with the Joker's sometimes-girlfriend Harley Quinn to stop a global threat brought about by Poison Ivy and Jason Woodrue, the Floronic Man., ratingCount=11,899, director=Sam Liu, cast=[com.mongodbtz.mongotz.IMDbMovie$Cast@289409eb, com.mongodbtz.mongotz.IMDbMovie$Cast@49b662d5, com.mongodbtz.mongotz.IMDbMovie$Cast@43893c96, com.mongodbtz.mongotz.IMDbMovie$Cast@1e5911b5]), IMDbMovie(ImdbId=tt13534276, name=Batman: A Beautiful Lie, year=II) (2022, runTime=, genre=[Animation,  Action,  Drama], ratingValue=, summaryText=Add a Plot, ratingCount=, director=Laurence Koodin, cast=[com.mongodbtz.mongotz.IMDbMovie$Cast@6cd0e01a, com.mongodbtz.mongotz.IMDbMovie$Cast@66b71c9a, com.mongodbtz.mongotz.IMDbMovie$Cast@30b56d40, com.mongodbtz.mongotz.IMDbMovie$Cast@72bb1f2a, com.mongodbtz.mongotz.IMDbMovie$Cast@1900e157, com.mongodbtz.mongotz.IMDbMovie$Cast@470d6d21]), IMDbMovie(ImdbId=tt0372784, name=Batman Begins, year=2005, runTime=140 min, genre=[Action,  Adventure], ratingValue=8.2, summaryText=After training with his mentor, Batman begins his fight to free crime-ridden Gotham City from corruption., ratingCount=1,328,876, director=Christopher Nolan, cast=[com.mongodbtz.mongotz.IMDbMovie$Cast@7621c101, com.mongodbtz.mongotz.IMDbMovie$Cast@68b59ccb, com.mongodbtz.mongotz.IMDbMovie$Cast@447d8099, com.mongodbtz.mongotz.IMDbMovie$Cast@56195154]), IMDbMovie(ImdbId=tt2975590, name=Batman v Superman: Dawn of Justice, year=2016, runTime=152 min, genre=[Action,  Adventure,  Sci-Fi], ratingValue=6.4, summaryText=Fearing that the actions of Superman are left unchecked, Batman takes on the Man of Steel, while the world wrestles with what kind of a hero it really needs., ratingCount=648,212, director=Zack Snyder, cast=[com.mongodbtz.mongotz.IMDbMovie$Cast@6a5f2999, com.mongodbtz.mongotz.IMDbMovie$Cast@428e1503, com.mongodbtz.mongotz.IMDbMovie$Cast@5e816ff7, com.mongodbtz.mongotz.IMDbMovie$Cast@3578b53b]), IMDbMovie(ImdbId=tt0106364, name=Batman: Mask of the Phantasm, year=1993, runTime=76 min, genre=[Animation,  Action,  Crime], ratingValue=7.8, summaryText=Batman is wrongly implicated in a series of murders of mob bosses actually done by a new vigilante assassin., ratingCount=44,720, director=Kevin Altieri, cast=[com.mongodbtz.mongotz.IMDbMovie$Cast@146c7e3d, com.mongodbtz.mongotz.IMDbMovie$Cast@41c75590, com.mongodbtz.mongotz.IMDbMovie$Cast@31e6e1fe, com.mongodbtz.mongotz.IMDbMovie$Cast@5575210f, com.mongodbtz.mongotz.IMDbMovie$Cast@229f300a, com.mongodbtz.mongotz.IMDbMovie$Cast@598f9a1c, com.mongodbtz.mongotz.IMDbMovie$Cast@5fe079c2, com.mongodbtz.mongotz.IMDbMovie$Cast@23e15668, com.mongodbtz.mongotz.IMDbMovie$Cast@78a52d7e]), IMDbMovie(ImdbId=tt1228961, name=Alyas Batman at Robin, year=1965, runTime=, genre=[Comedy], ratingValue=6.3, summaryText=A Batman takeoff., ratingCount=15, director=Paquito Toledo, cast=[com.mongodbtz.mongotz.IMDbMovie$Cast@12d5b0c, com.mongodbtz.mongotz.IMDbMovie$Cast@28560f57, com.mongodbtz.mongotz.IMDbMovie$Cast@79c909fe, com.mongodbtz.mongotz.IMDbMovie$Cast@5c8b16ac]), IMDbMovie(ImdbId=tt6084014, name=Batman: Master of Fear, year=2017, runTime=, genre=[Action,  Fantasy], ratingValue=5.2, summaryText=After three years of being away from Gotham, Batman must return to face the evolution of fear., ratingCount=11, director=Matthew Kohler, cast=[com.mongodbtz.mongotz.IMDbMovie$Cast@2fa15e18, com.mongodbtz.mongotz.IMDbMovie$Cast@1e9624eb, com.mongodbtz.mongotz.IMDbMovie$Cast@1a2c7fe3, com.mongodbtz.mongotz.IMDbMovie$Cast@338623f]), IMDbMovie(ImdbId=tt5870174, name=Batman Beyond: Rising Knight, year=2014, runTime=45 min, genre=[Animation], ratingValue=6.3, summaryText=In Gotham's grisly future, the Dark Knight has fallen. Now Terry McGinnis must take up the mantle of the Batman... if he can. His first mission was a disaster, and Terry is hungry for revenge., ratingCount=11, director=Matthew Baamonde, cast=[com.mongodbtz.mongotz.IMDbMovie$Cast@9d26480, com.mongodbtz.mongotz.IMDbMovie$Cast@7078c13e, com.mongodbtz.mongotz.IMDbMovie$Cast@30116c94, com.mongodbtz.mongotz.IMDbMovie$Cast@73709505]), IMDbMovie(ImdbId=tt1074939, name=Batman Begins: Behind the Mask, year=2005 TV Movie, runTime=23 min, genre=[Documentary], ratingValue=7.0, summaryText=Add a Plot, ratingCount=37, director=Simon Ragoonanan, cast=[com.mongodbtz.mongotz.IMDbMovie$Cast@5fdb44b3, com.mongodbtz.mongotz.IMDbMovie$Cast@6495f610, com.mongodbtz.mongotz.IMDbMovie$Cast@13ba9f3a, com.mongodbtz.mongotz.IMDbMovie$Cast@1ae32cb3]), IMDbMovie(ImdbId=tt10327712, name=LEGO DC Batman: Family Matters, year=2019, runTime=72 min, genre=[Animation,  Action,  Comedy], ratingValue=6.1, summaryText=In LEGO DC: Batman - Family Matters, suspicion is on high after Batman, Batgirl, Robin and other DC superheroes receive mysterious invitations. However, family values must remain strong ...                See full summary », ratingCount=875, director=Matt Peters, cast=[com.mongodbtz.mongotz.IMDbMovie$Cast@54764d15, com.mongodbtz.mongotz.IMDbMovie$Cast@13724bee, com.mongodbtz.mongotz.IMDbMovie$Cast@10f77b87, com.mongodbtz.mongotz.IMDbMovie$Cast@4f5c8014]), IMDbMovie(ImdbId=tt0096895, name=Batman, year=1989, runTime=126 min, genre=[Action,  Adventure], ratingValue=7.5, summaryText=The Dark Knight of Gotham City begins his war on crime with his first major enemy being Jack Napier, a criminal who becomes the clownishly homicidal Joker., ratingCount=342,678, director=Tim Burton, cast=[com.mongodbtz.mongotz.IMDbMovie$Cast@280871ee, com.mongodbtz.mongotz.IMDbMovie$Cast@3881c2b, com.mongodbtz.mongotz.IMDbMovie$Cast@287f706e, com.mongodbtz.mongotz.IMDbMovie$Cast@22c14b64]), IMDbMovie(ImdbId=tt0057875, name=Batman Dracula, year=1964, runTime=54 min, genre=[Drama], ratingValue=5.0, summaryText=Andy Warhol's infamous lost campy classic charting the adventures of Batman two years before Adam West donned the Caped Crusader's wings in the classic TV show., ratingCount=141, director=Andy Warhol, cast=[com.mongodbtz.mongotz.IMDbMovie$Cast@a87ed99, com.mongodbtz.mongotz.IMDbMovie$Cast@59a810a7, com.mongodbtz.mongotz.IMDbMovie$Cast@719afa9d, com.mongodbtz.mongotz.IMDbMovie$Cast@56de563c]), IMDbMovie(ImdbId=tt7167630, name=Batman: Gotham by Gaslight, year=2018, runTime=78 min, genre=[Animation,  Action,  Adventure], ratingValue=6.7, summaryText=In an alternative Victorian Age Gotham City, Batman begins his war on crime while he investigates a new series of murders by Jack the Ripper., ratingCount=14,127, director=Sam Liu, cast=[com.mongodbtz.mongotz.IMDbMovie$Cast@7ab49bb4, com.mongodbtz.mongotz.IMDbMovie$Cast@5c5cc86d, com.mongodbtz.mongotz.IMDbMovie$Cast@78170a6c, com.mongodbtz.mongotz.IMDbMovie$Cast@1fe25d6f]), IMDbMovie(ImdbId=tt4116284, name=The Lego Batman Movie, year=2017, runTime=104 min, genre=[Animation,  Action,  Comedy], ratingValue=7.3, summaryText=A cooler-than-ever Bruce Wayne must deal with the usual suspects as they plan to rule Gotham City, while discovering that he has accidentally adopted a teenage orphan who wishes to become his sidekick., ratingCount=133,227, director=Chris McKay, cast=[com.mongodbtz.mongotz.IMDbMovie$Cast@7b70abfb, com.mongodbtz.mongotz.IMDbMovie$Cast@3b749a93, com.mongodbtz.mongotz.IMDbMovie$Cast@3670a1b7, com.mongodbtz.mongotz.IMDbMovie$Cast@5f2c6e89]), IMDbMovie(ImdbId=tt7578566, name=Scooby-Doo & Batman: The Brave and the Bold, year=2018, runTime=75 min, genre=[Animation,  Action,  Comedy], ratingValue=6.6, summaryText=Batman teams up with the Scooby Doo gang when villains from both of their worlds unite to wreak havoc on the city., ratingCount=1,722, director=Jake Castorena, cast=[com.mongodbtz.mongotz.IMDbMovie$Cast@3ec29f5a, com.mongodbtz.mongotz.IMDbMovie$Cast@d8cec2c, com.mongodbtz.mongotz.IMDbMovie$Cast@31688332, com.mongodbtz.mongotz.IMDbMovie$Cast@7912bef2]), IMDbMovie(ImdbId=tt8594296, name=Ask Batman, year=2018 TV Movie, runTime=, genre=[Animation], ratingValue=, summaryText=Add a Plot, ratingCount=, director=Jason Anthony, cast=[com.mongodbtz.mongotz.IMDbMovie$Cast@3987bd15]), IMDbMovie(ImdbId=tt6230896, name=Batman: Terror of Arkham, year=2019, runTime=57 min, genre=[Action,  Adventure,  Drama], ratingValue=5.9, summaryText=Set 2 years after 'Batman: The Shattered Cowl', Bruce Wayne has grown in strength, intelligence and numbers and gained the trust of the GCPD, but a new threat looms over Gotham City. The ...                See full summary », ratingCount=14, director=Jonathon Glickman, cast=[com.mongodbtz.mongotz.IMDbMovie$Cast@208a1a48, com.mongodbtz.mongotz.IMDbMovie$Cast@75e95672, com.mongodbtz.mongotz.IMDbMovie$Cast@718222cf, com.mongodbtz.mongotz.IMDbMovie$Cast@23939703]), IMDbMovie(ImdbId=tt11579056, name=The Lego Batman and Spider-Man Movie, year=2020, runTime=, genre=[Animation,  Action,  Comedy], ratingValue=, summaryText=Batman and Spider-Man face their biggest challenge yet -- the Goker., ratingCount=, director=Lennon Richardson, cast=[com.mongodbtz.mongotz.IMDbMovie$Cast@6c5e17b0, com.mongodbtz.mongotz.IMDbMovie$Cast@caac4ae]), IMDbMovie(ImdbId=tt1877830, name=The Batman, year=2022, runTime=, genre=[Action,  Crime,  Drama], ratingValue=, summaryText=The plot is unknown., ratingCount=, director=Matt Reeves, cast=[com.mongodbtz.mongotz.IMDbMovie$Cast@3c814e3a, com.mongodbtz.mongotz.IMDbMovie$Cast@207e3d8d, com.mongodbtz.mongotz.IMDbMovie$Cast@7a2b0298, com.mongodbtz.mongotz.IMDbMovie$Cast@3a5867a3]), IMDbMovie(ImdbId=tt0231237, name=Batman Beyond: The Movie, year=1999 TV Movie, runTime=132 min, genre=[Animation,  Sci-Fi,  Action], ratingValue=7.8, summaryText=Decades after the retirement of Bruce Wayne as Batman, a boy dons the identity to avenge his own father's murder., ratingCount=5,532, director=Curt Geda, cast=[com.mongodbtz.mongotz.IMDbMovie$Cast@5dddc807, com.mongodbtz.mongotz.IMDbMovie$Cast@7f402ee6, com.mongodbtz.mongotz.IMDbMovie$Cast@6dc3bd2, com.mongodbtz.mongotz.IMDbMovie$Cast@7acca92b, com.mongodbtz.mongotz.IMDbMovie$Cast@4962cb85, com.mongodbtz.mongotz.IMDbMovie$Cast@372beb51, com.mongodbtz.mongotz.IMDbMovie$Cast@504e44cd]), IMDbMovie(ImdbId=tt13087500, name=Batman: Knightfall, year=2022, runTime=, genre=[Action,  Crime,  Thriller], ratingValue=, summaryText=The Glorious Pictures or Batman: Knightfall is not affiliated with WB or DC in any manner. Batman: Knightfall is a Realistic CGI non-commercial fan-film being made by The Glorious Pictures ...                See full summary », ratingCount=, director=Ganesh Karumuri, cast=[com.mongodbtz.mongotz.IMDbMovie$Cast@10b5ee82, com.mongodbtz.mongotz.IMDbMovie$Cast@78acfea6, com.mongodbtz.mongotz.IMDbMovie$Cast@5ae6b552, com.mongodbtz.mongotz.IMDbMovie$Cast@340c70da]), IMDbMovie(ImdbId=tt0103776, name=Batman Returns, year=1992, runTime=126 min, genre=[Action,  Crime,  Fantasy], ratingValue=7.0, summaryText=While Batman deals with a deformed man calling himself the Penguin wreaking havoc across Gotham with the help of a cruel businessman, a female employee of the latter becomes the Catwoman with her own vendetta., ratingCount=277,962, director=Tim Burton, cast=[com.mongodbtz.mongotz.IMDbMovie$Cast@1434cf21, com.mongodbtz.mongotz.IMDbMovie$Cast@7b17a4d0, com.mongodbtz.mongotz.IMDbMovie$Cast@2c4a81c8, com.mongodbtz.mongotz.IMDbMovie$Cast@35684e07]), IMDbMovie(ImdbId=tt0112462, name=Batman Forever, year=1995, runTime=121 min, genre=[Action,  Adventure], ratingValue=5.4, summaryText=Batman must battle former district attorney Harvey Dent, who is now Two-Face and Edward Nygma, The Riddler with help from an amorous psychologist and a young circus acrobat who becomes his sidekick, Robin., ratingCount=237,237, director=Joel Schumacher, cast=[com.mongodbtz.mongotz.IMDbMovie$Cast@4160c74a, com.mongodbtz.mongotz.IMDbMovie$Cast@39dc4a6f, com.mongodbtz.mongotz.IMDbMovie$Cast@4eb33325, com.mongodbtz.mongotz.IMDbMovie$Cast@770f0d1d]), IMDbMovie(ImdbId=tt0118688, name=Batman & Robin, year=1997, runTime=125 min, genre=[Action,  Sci-Fi], ratingValue=3.8, summaryText=Batman and Robin try to keep their relationship together even as they must stop Mr. Freeze and Poison Ivy from freezing Gotham City., ratingCount=236,718, director=Joel Schumacher, cast=[com.mongodbtz.mongotz.IMDbMovie$Cast@6bc6757e, com.mongodbtz.mongotz.IMDbMovie$Cast@3cbb5938, com.mongodbtz.mongotz.IMDbMovie$Cast@3353cc57, com.mongodbtz.mongotz.IMDbMovie$Cast@1596ffca]), IMDbMovie(ImdbId=tt6359334, name=B@: It's a Wonderful Life, Batman!, year=2016, runTime=66 min, genre=[Comedy], ratingValue=, summaryText=What would Gotham be like if Batman were never born? Watch this holiday themed B@ episode that not only parodies Batman but takes a look at the classic film, It's A Wonderful Life. It's a twist on a classic with a twist on a classic., ratingCount=, director=Tony Calkins, cast=[com.mongodbtz.mongotz.IMDbMovie$Cast@2b37e786, com.mongodbtz.mongotz.IMDbMovie$Cast@6abb7c3, com.mongodbtz.mongotz.IMDbMovie$Cast@24617073, com.mongodbtz.mongotz.IMDbMovie$Cast@713be671]), IMDbMovie(ImdbId=tt1168705, name=Fight! Batman, Fight!, year=1973, runTime=, genre=[Action,  Fantasy], ratingValue=6.4, summaryText=Add a Plot, ratingCount=21, director=Romeo N. Galang, cast=[com.mongodbtz.mongotz.IMDbMovie$Cast@3e6a82cf, com.mongodbtz.mongotz.IMDbMovie$Cast@11278f99, com.mongodbtz.mongotz.IMDbMovie$Cast@3f81fba2, com.mongodbtz.mongotz.IMDbMovie$Cast@7b417459]), IMDbMovie(ImdbId=tt3470610, name=Um Conto De Batman: Na Psicose Do Ventríloquo, year=2014, runTime=88 min, genre=[Drama,  Thriller], ratingValue=6.2, summaryText=In a facility on Gotham City, Batman discovers the mob changing medications for mental patients. However, is in this facility that we go deep into a behavioral, psychological and social ...                See full summary », ratingCount=12, director=Elvis Delbagno, cast=[com.mongodbtz.mongotz.IMDbMovie$Cast@3ca1e3f0, com.mongodbtz.mongotz.IMDbMovie$Cast@ccd432d, com.mongodbtz.mongotz.IMDbMovie$Cast@7c5e0d51, com.mongodbtz.mongotz.IMDbMovie$Cast@524f7003]), IMDbMovie(ImdbId=tt7319564, name=Batman Genesis, year=, runTime=, genre=[Crime], ratingValue=, summaryText=Add a Plot, ratingCount=, director=Scott A. Best, cast=[com.mongodbtz.mongotz.IMDbMovie$Cast@77044f7]), IMDbMovie(ImdbId=tt3848506, name=Batman: Crusader, year=2014, runTime=, genre=[Action,  Crime,  Drama], ratingValue=5.8, summaryText=Writer/Director Ryan Konig presents Andrew Vinogradsky as the legendary "Dark Knight" in an original take on the Batman mythology., ratingCount=8, director=Ryan Konig, cast=[com.mongodbtz.mongotz.IMDbMovie$Cast@22ae53cf, com.mongodbtz.mongotz.IMDbMovie$Cast@5626442c, com.mongodbtz.mongotz.IMDbMovie$Cast@53f4f5e3, com.mongodbtz.mongotz.IMDbMovie$Cast@1f5e84cd]), IMDbMovie(ImdbId=tt2602174, name=Batman Revealed, year=2012, runTime=62 min, genre=[Action,  Crime,  Drama], ratingValue=5.0, summaryText=When The Penguin finds something out he shouldn't have, the future of Batman and Robin becomes uncertain., ratingCount=73, director=Chris Clark, cast=[com.mongodbtz.mongotz.IMDbMovie$Cast@2bddb62d, com.mongodbtz.mongotz.IMDbMovie$Cast@5f721558, com.mongodbtz.mongotz.IMDbMovie$Cast@34e18a97, com.mongodbtz.mongotz.IMDbMovie$Cast@f82c845]), IMDbMovie(ImdbId=tt4653674, name=Batman Reboots, year=2010, runTime=, genre=[Comedy], ratingValue=, summaryText=Add a Plot, ratingCount=, director=Jason Burgos, cast=[com.mongodbtz.mongotz.IMDbMovie$Cast@6bf7ffe, com.mongodbtz.mongotz.IMDbMovie$Cast@3eb2e88c, com.mongodbtz.mongotz.IMDbMovie$Cast@276bcfff, com.mongodbtz.mongotz.IMDbMovie$Cast@2d13f21f]), IMDbMovie(ImdbId=tt10339232, name=Rifftrax: Batman v. Superman, year=2017, runTime=, genre=[Comedy], ratingValue=3.8, summaryText=The guys at RiffTrax go all out for the commentary for 'Batman vs. Superman: Dawn of Justice,' featuring loads of guest riffers., ratingCount=9, director=Trace Beaulieu, cast=[com.mongodbtz.mongotz.IMDbMovie$Cast@79714ccd, com.mongodbtz.mongotz.IMDbMovie$Cast@1c702b, com.mongodbtz.mongotz.IMDbMovie$Cast@322de93d]), IMDbMovie(ImdbId=tt6824186, name=Batman: The Final Victory, year=2010, runTime=50 min, genre=[Fantasy], ratingValue=, summaryText=Add a Plot, ratingCount=, director=Robert P. Young, cast=[com.mongodbtz.mongotz.IMDbMovie$Cast@60806e79, com.mongodbtz.mongotz.IMDbMovie$Cast@37ed76a, com.mongodbtz.mongotz.IMDbMovie$Cast@5e47b239, com.mongodbtz.mongotz.IMDbMovie$Cast@6f6d9d22]), IMDbMovie(ImdbId=tt7899164, name=Batman Beyond, year=2017, runTime=, genre=[Action], ratingValue=, summaryText=As Terry McGinnis returns to Gotham, he must become Batman to fight the forces of evil, bringing him face-to-face with villains such as The Phantasm and The Black Mask., ratingCount=, director=Brock Zych, cast=[com.mongodbtz.mongotz.IMDbMovie$Cast@79cd8662, com.mongodbtz.mongotz.IMDbMovie$Cast@1a783518, com.mongodbtz.mongotz.IMDbMovie$Cast@19ff2ff8, com.mongodbtz.mongotz.IMDbMovie$Cast@7bc8ac92]), IMDbMovie(ImdbId=tt12885852, name=Batman: Soul of the Dragon, year=2021, runTime=83 min, genre=[Animation,  Action,  Adventure], ratingValue=6.0, summaryText=In the 1970s, a missing teacher of martial arts is the subject of a quest by his devoted and brilliant but distant students, who include Batman., ratingCount=3,089, director=Sam Liu, cast=[com.mongodbtz.mongotz.IMDbMovie$Cast@3528f326, com.mongodbtz.mongotz.IMDbMovie$Cast@55c88a94, com.mongodbtz.mongotz.IMDbMovie$Cast@6b5a0083, com.mongodbtz.mongotz.IMDbMovie$Cast@1b51d5c4]), IMDbMovie(ImdbId=tt9331310, name=Batman Beyond: Renaissance, year=, runTime=, genre=[Adventure], ratingValue=, summaryText=Bruce Wayne struggles with old age. Terry McGinnis becomes Batman. Joker returns. Blight is born., ratingCount=, director=null, cast=null), IMDbMovie(ImdbId=tt5516944, name=Batman: Anarchy, year=2016, runTime=45 min, genre=[Action,  Crime,  Drama], ratingValue=6.5, summaryText=The maniacal Harley Quinn emerges ten years after the Joker's capture at the end of The Dark Knight, in search of him, leaving a now war torn caped crusader to combat the wave of death and anarchy she unleashes., ratingCount=56, director=Osokwe Tychicus Vasquez, cast=[com.mongodbtz.mongotz.IMDbMovie$Cast@437a464f, com.mongodbtz.mongotz.IMDbMovie$Cast@56104411, com.mongodbtz.mongotz.IMDbMovie$Cast@2a5c9264, com.mongodbtz.mongotz.IMDbMovie$Cast@2abd514f]), IMDbMovie(ImdbId=tt0061386, name=Batman Fights Dracula, year=1967, runTime=, genre=[Comedy], ratingValue=6.8, summaryText=Mad scientist Doctor Zorba is at his wit's end because of the interference of Batman in his smuggling attempts. Together with his mad fanatic follower Turko, they hatch a plan to bring ...                See full summary », ratingCount=87, director=Leody M. Diaz, cast=[com.mongodbtz.mongotz.IMDbMovie$Cast@6f00c9d8, com.mongodbtz.mongotz.IMDbMovie$Cast@2181a9ee, com.mongodbtz.mongotz.IMDbMovie$Cast@6176a3b8, com.mongodbtz.mongotz.IMDbMovie$Cast@7b9bb295]), IMDbMovie(ImdbId=tt5875708, name=B@ (Batman Parody Film), year=2016, runTime=, genre=[Comedy], ratingValue=8.9, summaryText=Your favorite dynamic duo is back and crazier than ever! Follow 1960's styled Batman and Robin on their mission to bust a drug lord and a few of their classic enemies., ratingCount=12, director=Tony Calkins, cast=[com.mongodbtz.mongotz.IMDbMovie$Cast@3e5eff47, com.mongodbtz.mongotz.IMDbMovie$Cast@6ae1e057, com.mongodbtz.mongotz.IMDbMovie$Cast@4cc8f884, com.mongodbtz.mongotz.IMDbMovie$Cast@3950ce78]), IMDbMovie(ImdbId=tt0361763, name=James Batman, year=1966, runTime=94 min, genre=[Sci-Fi,  Comedy,  Action], ratingValue=5.5, summaryText=An evil syndicate is set to conquer the world, and the mission is to stop them from fulfilling their viscious plans. The consequences of their failure may mean the destruction of all ...                See full summary », ratingCount=81, director=Artemio Marquez, cast=[com.mongodbtz.mongotz.IMDbMovie$Cast@153b1fca, com.mongodbtz.mongotz.IMDbMovie$Cast@1e3cd931, com.mongodbtz.mongotz.IMDbMovie$Cast@2120e780, com.mongodbtz.mongotz.IMDbMovie$Cast@3c56b25c]), IMDbMovie(ImdbId=tt8452560, name=Deconstructing Boaz Yakin's Batman Beyond, year=2018, runTime=, genre=[Thriller], ratingValue=, summaryText=Add a Plot, ratingCount=, director=LowRes Wünderbred, cast=[com.mongodbtz.mongotz.IMDbMovie$Cast@9539508, com.mongodbtz.mongotz.IMDbMovie$Cast@2fe97f45, com.mongodbtz.mongotz.IMDbMovie$Cast@2624ecb6]), IMDbMovie(ImdbId=tt4105670, name=Bizim Batman, year=, runTime=110 min, genre=[Action,  Comedy,  Mystery], ratingValue=, summaryText=Add a Plot, ratingCount=, director=Omer Sarikaya, cast=[com.mongodbtz.mongotz.IMDbMovie$Cast@336ed19b, com.mongodbtz.mongotz.IMDbMovie$Cast@571993e4, com.mongodbtz.mongotz.IMDbMovie$Cast@565984ed, com.mongodbtz.mongotz.IMDbMovie$Cast@772499fb]), IMDbMovie(ImdbId=tt0041162, name=Batman and Robin, year=1949, runTime=263 min, genre=[Action,  Adventure,  Crime], ratingValue=6.1, summaryText=The caped crusaders versus The Wizard, black-hooded mastermind., ratingCount=1,635, director=Spencer Gordon Bennet, cast=[com.mongodbtz.mongotz.IMDbMovie$Cast@299e4f8a, com.mongodbtz.mongotz.IMDbMovie$Cast@337ac8b8, com.mongodbtz.mongotz.IMDbMovie$Cast@60c2646d, com.mongodbtz.mongotz.IMDbMovie$Cast@498c1bec]), IMDbMovie(ImdbId=tt4430982, name=Batman: The Dark Knight Beyond, year=, runTime=, genre=[Action], ratingValue=, summaryText=With crime on the rise and Gotham being bought by a corrupt billionaire, Jason Blake uncovers the truth and now must decide if he is going to do his part in saving Gotham and become The Batman., ratingCount=, director=Liam Galey, cast=[com.mongodbtz.mongotz.IMDbMovie$Cast@77efdabe, com.mongodbtz.mongotz.IMDbMovie$Cast@47d2922, com.mongodbtz.mongotz.IMDbMovie$Cast@2d07113a, com.mongodbtz.mongotz.IMDbMovie$Cast@10f5e47d]), IMDbMovie(ImdbId=tt1265588, name=Batman Tech, year=2008 TV Movie, runTime=45 min, genre=[Documentary], ratingValue=7.5, summaryText=Add a Plot, ratingCount=123, director=Dave Hoffman, cast=[com.mongodbtz.mongotz.IMDbMovie$Cast@741fe8c4, com.mongodbtz.mongotz.IMDbMovie$Cast@6104b9bc, com.mongodbtz.mongotz.IMDbMovie$Cast@5e6d6fed]), IMDbMovie(ImdbId=tt0060153, name=Batman: The Movie, year=1966, runTime=105 min, genre=[Adventure,  Comedy,  Crime], ratingValue=6.5, summaryText=The Dynamic Duo faces four supervillains who plan to hold the world for ransom with the help of a secret invention that instantly dehydrates people., ratingCount=30,092, director=Leslie H. Martinson, cast=[com.mongodbtz.mongotz.IMDbMovie$Cast@7b605493, com.mongodbtz.mongotz.IMDbMovie$Cast@3fedcb1a, com.mongodbtz.mongotz.IMDbMovie$Cast@a4ad90d, com.mongodbtz.mongotz.IMDbMovie$Cast@6cc2a5de]), IMDbMovie(ImdbId=tt0486464, name=Riddle Me This: Why Is Batman Forever?, year=1995 TV Movie, runTime=23 min, genre=[Documentary], ratingValue=5.5, summaryText=Add a Plot, ratingCount=62, director=Jim Carrey, cast=[com.mongodbtz.mongotz.IMDbMovie$Cast@449b0cb7, com.mongodbtz.mongotz.IMDbMovie$Cast@18c53798, com.mongodbtz.mongotz.IMDbMovie$Cast@61509d0b]), IMDbMovie(ImdbId=tt4724924, name=Batman Untold, year=2010, runTime=46 min, genre=[Action,  Adventure,  Thriller], ratingValue=6.2, summaryText=After years of traveling the world, Bruce Wayne returns to Gotham City and becomes the caped crusader known as Batman. He then has to face crimeboss Carmine Falcone and the notorious madman known as The Joker., ratingCount=6, director=Jordan Warner, cast=[com.mongodbtz.mongotz.IMDbMovie$Cast@15a5dd6b, com.mongodbtz.mongotz.IMDbMovie$Cast@246d41b0, com.mongodbtz.mongotz.IMDbMovie$Cast@41b038f3, com.mongodbtz.mongotz.IMDbMovie$Cast@74f05383]), IMDbMovie(ImdbId=tt0169590, name=The Batman Superman Movie: World's Finest, year=1997 TV Movie, runTime=64 min, genre=[Animation,  Action,  Adventure], ratingValue=7.8, summaryText=Joker goes to Metropolis with an offer and plan to kill Superman for Lex Luthor while Batman pursues the clown to Superman's turf., ratingCount=8,828, director=Toshihiko Masuda, cast=[com.mongodbtz.mongotz.IMDbMovie$Cast@12b2e62, com.mongodbtz.mongotz.IMDbMovie$Cast@419ce914, com.mongodbtz.mongotz.IMDbMovie$Cast@3706c6ef, com.mongodbtz.mongotz.IMDbMovie$Cast@54576cf2]), IMDbMovie(ImdbId=tt13370102, name=Scooby-Doo Meets Batman, year=1972, runTime=77 min, genre=[Animation,  Adventure,  Family], ratingValue=7.2, summaryText=Protecting the innocent, thwarting injustice and stuffing Scooby snacks! That's the crime-fighting join forces as Scooby-Doo and the Mystery, Inc. gang team up with Batman and Robin., ratingCount=52, director=Joseph Barbera, cast=[]), IMDbMovie(ImdbId=tt9593626, name=Batman: Seeds of Fear, year=, runTime=, genre=[Fantasy], ratingValue=, summaryText=The sun is setting on the elite of Gotham City., ratingCount=, director=Lee Brown, cast=[com.mongodbtz.mongotz.IMDbMovie$Cast@2b1506e6, com.mongodbtz.mongotz.IMDbMovie$Cast@44cadf8a, com.mongodbtz.mongotz.IMDbMovie$Cast@70282117, com.mongodbtz.mongotz.IMDbMovie$Cast@76ec7965]), IMDbMovie(ImdbId=tt0121067, name=Alyas Batman en Robin, year=1991, runTime=129 min, genre=[Action,  Comedy,  Crime], ratingValue=5.4, summaryText=A musical-comedy spoof of the television series Batman (1966)., ratingCount=112, director=Tony Y. Reyes, cast=[com.mongodbtz.mongotz.IMDbMovie$Cast@67e9d4d4, com.mongodbtz.mongotz.IMDbMovie$Cast@56f861a7, com.mongodbtz.mongotz.IMDbMovie$Cast@43ca1d4c, com.mongodbtz.mongotz.IMDbMovie$Cast@5d02e07e]), IMDbMovie(ImdbId=tt12072426, name=Untitled Batman: Most Wanted Sequel, year=, runTime=, genre=[], ratingValue=, summaryText=Add a Plot, ratingCount=, director=null, cast=null), IMDbMovie(ImdbId=tt4853102, name=Batman: The Killing Joke, year=2016, runTime=76 min, genre=[Animation,  Action,  Crime], ratingValue=6.4, summaryText=As Batman hunts for the escaped Joker, the Clown Prince of Crime attacks the Gordon family to prove a diabolical point mirroring his own fall into madness., ratingCount=50,841, director=Sam Liu, cast=[com.mongodbtz.mongotz.IMDbMovie$Cast@6104720c, com.mongodbtz.mongotz.IMDbMovie$Cast@7237331d, com.mongodbtz.mongotz.IMDbMovie$Cast@387c3c35, com.mongodbtz.mongotz.IMDbMovie$Cast@6ac9ec64]), IMDbMovie(ImdbId=tt5973626, name=Batman: Return of the Caped Crusaders, year=2016, runTime=78 min, genre=[Animation,  Action,  Adventure], ratingValue=6.8, summaryText=Batman and Robin of the 1960s live action series are back in action to take down their fiendish foes united once more against them., ratingCount=4,872, director=Rick Morales, cast=[com.mongodbtz.mongotz.IMDbMovie$Cast@637b06f6, com.mongodbtz.mongotz.IMDbMovie$Cast@3abf0338, com.mongodbtz.mongotz.IMDbMovie$Cast@1fb062c7, com.mongodbtz.mongotz.IMDbMovie$Cast@4c45387d]), IMDbMovie(ImdbId=tt7836426, name=Batman Beyond Arkham Fan Film, year=, runTime=, genre=[Action], ratingValue=, summaryText=Add a Plot, ratingCount=, director=Nicholas Russell Encarnacion, cast=[com.mongodbtz.mongotz.IMDbMovie$Cast@35d6b0b8]), IMDbMovie(ImdbId=tt12815434, name=Batman: A Beautiful Lie, year=I) (2022, runTime=, genre=[Animation,  Action,  Drama], ratingValue=, summaryText=Add a Plot, ratingCount=, director=Laurence Koodin, cast=[com.mongodbtz.mongotz.IMDbMovie$Cast@4c8f191f, com.mongodbtz.mongotz.IMDbMovie$Cast@2d019c58, com.mongodbtz.mongotz.IMDbMovie$Cast@2dd2ba30]), IMDbMovie(ImdbId=tt7451284, name=Batman Ninja, year=2018, runTime=85 min, genre=[Animation,  Action,  Sci-Fi], ratingValue=5.6, summaryText=Batman, along with a number of his allies and adversaries, finds himself transplanted from modern Gotham City to feudal Japan., ratingCount=18,032, director=Junpei Mizusaki, cast=[com.mongodbtz.mongotz.IMDbMovie$Cast@52d29f8d, com.mongodbtz.mongotz.IMDbMovie$Cast@73103ad3, com.mongodbtz.mongotz.IMDbMovie$Cast@4b2b1dbb, com.mongodbtz.mongotz.IMDbMovie$Cast@24489564]), IMDbMovie(ImdbId=tt2327888, name=The Batman Shootings, year=2012 TV Movie, runTime=60 min, genre=[Documentary], ratingValue=5.0, summaryText=Documentary on the July 20 Aurora, Colorado shooting that took the lives of 12 people during a Dark Knight Rises screening., ratingCount=34, director=Jim Booth, cast=[com.mongodbtz.mongotz.IMDbMovie$Cast@109420a2, com.mongodbtz.mongotz.IMDbMovie$Cast@3c121ce, com.mongodbtz.mongotz.IMDbMovie$Cast@63426767, com.mongodbtz.mongotz.IMDbMovie$Cast@346ef68, com.mongodbtz.mongotz.IMDbMovie$Cast@32665e92, com.mongodbtz.mongotz.IMDbMovie$Cast@3823c641]), IMDbMovie(ImdbId=tt0035665, name=Batman, year=1943, runTime=260 min, genre=[Action,  Crime], ratingValue=6.4, summaryText=Japanese spymaster Prince Daka operates a covert espionage organization located in Gotham City's now-deserted Little Tokyo which turns American scientists into pliable zombies., ratingCount=1,838, director=Lambert Hillyer, cast=[com.mongodbtz.mongotz.IMDbMovie$Cast@7c236caf, com.mongodbtz.mongotz.IMDbMovie$Cast@7cb12f77, com.mongodbtz.mongotz.IMDbMovie$Cast@5a06ef6e, com.mongodbtz.mongotz.IMDbMovie$Cast@4508ea4c]), IMDbMovie(ImdbId=tt3727758, name=Batman Infinite, year=, runTime=, genre=[Action], ratingValue=, summaryText=The caped crusader is reborn., ratingCount=, director=null, cast=null), IMDbMovie(ImdbId=tt13478014, name=Nostalgic Tomorrow: A Batman Gathering, year=2019, runTime=52 min, genre=[Talk-Show], ratingValue=, summaryText=Nostalgic Tomorrow - A Batman Gathering (All-New Featurette) - Many of Batman Beyond's core production team and actors gather for an enthralling round-table discussion of the evolution and ...                See full summary », ratingCount=, director=null, cast=null), IMDbMovie(ImdbId=tt1265589, name=Batman Unmasked, year=2008 TV Movie, runTime=46 min, genre=[Documentary], ratingValue=7.3, summaryText=Various analysts propose a psychological examination of the Dark Knight., ratingCount=348, director=Robert Clotworthy, cast=[com.mongodbtz.mongotz.IMDbMovie$Cast@385ec676, com.mongodbtz.mongotz.IMDbMovie$Cast@579afa2b, com.mongodbtz.mongotz.IMDbMovie$Cast@3723c8da]), IMDbMovie(ImdbId=tt2139635, name=Batman Consequences: Ending with the Premiere, year=2011, runTime=, genre=[], ratingValue=, summaryText=Add a Plot, ratingCount=, director=Stephen Marchessault, cast=[com.mongodbtz.mongotz.IMDbMovie$Cast@3da0464f, com.mongodbtz.mongotz.IMDbMovie$Cast@73834afb, com.mongodbtz.mongotz.IMDbMovie$Cast@7348bd02, com.mongodbtz.mongotz.IMDbMovie$Cast@5a04cea9, com.mongodbtz.mongotz.IMDbMovie$Cast@65296998]), IMDbMovie(ImdbId=tt12059074, name=Batman: Most Wanted, year=2020, runTime=, genre=[Animation,  Action,  Crime], ratingValue=, summaryText=Batman is framed for the murder of Commissioner Gordon. He must use his detective skills to track down the real killer while running away from the cops who's mission is to take down the Bat., ratingCount=, director=Dylan Buell, cast=[com.mongodbtz.mongotz.IMDbMovie$Cast@3a823f79, com.mongodbtz.mongotz.IMDbMovie$Cast@468fcf06, com.mongodbtz.mongotz.IMDbMovie$Cast@68440be6, com.mongodbtz.mongotz.IMDbMovie$Cast@45670b29, com.mongodbtz.mongotz.IMDbMovie$Cast@6e358d0b, com.mongodbtz.mongotz.IMDbMovie$Cast@56fa8834]), IMDbMovie(ImdbId=tt12053532, name=Batman: Most Wanted, year=, runTime=, genre=[], ratingValue=, summaryText=Add a Plot, ratingCount=, director=null, cast=null)]
